<?xml version="1.0" encoding="UTF-8"?>
<!-- Generated by org.testng.reporters.JUnitXMLReporter -->
<testsuite ignored="0" hostname="DESKTOP-6AQVSRL" failures="4" tests="5" name="Test" time="18.541" errors="0" timestamp="2024-12-14T14:21:13 IST">
  <testcase classname="com.scenario1.orangeHRMLogic" name="login" time="1.911"/>
  <testcase classname="com.scenario1.orangeHRMLogic" name="login" time="1.727">
    <failure type="java.lang.AssertionError" message="expected:&amp;lt;https://opensource-demo.orangehrmlive.com/web/index.php/auth/login&amp;gt; but was:&amp;lt;https://opensource-demo.orangehrmlive.com/web/index.php/dashboard/index&amp;gt;">
      <![CDATA[java.lang.AssertionError: expected:<https://opensource-demo.orangehrmlive.com/web/index.php/auth/login> but was:<https://opensource-demo.orangehrmlive.com/web/index.php/dashboard/index>
at com.scenario1.orangeHRMLogic.login(orangeHRMLogic.java:31)
at java.base/java.util.ArrayList.forEach(ArrayList.java:1511)
... Removed 29 stack frames]]>
    </failure>
  </testcase> <!-- login -->
  <testcase classname="com.scenario1.orangeHRMLogic" name="login" time="2.092">
    <failure type="java.lang.AssertionError" message="expected:&amp;lt;https://opensource-demo.orangehrmlive.com/web/index.php/auth/login&amp;gt; but was:&amp;lt;https://opensource-demo.orangehrmlive.com/web/index.php/dashboard/index&amp;gt;">
      <![CDATA[java.lang.AssertionError: expected:<https://opensource-demo.orangehrmlive.com/web/index.php/auth/login> but was:<https://opensource-demo.orangehrmlive.com/web/index.php/dashboard/index>
at com.scenario1.orangeHRMLogic.login(orangeHRMLogic.java:31)
at java.base/java.util.ArrayList.forEach(ArrayList.java:1511)
... Removed 29 stack frames]]>
    </failure>
  </testcase> <!-- login -->
  <testcase classname="com.scenario1.orangeHRMLogic" name="login" time="1.523">
    <failure type="java.lang.AssertionError" message="expected:&amp;lt;https://opensource-demo.orangehrmlive.com/web/index.php/auth/login&amp;gt; but was:&amp;lt;https://opensource-demo.orangehrmlive.com/web/index.php/dashboard/index&amp;gt;">
      <![CDATA[java.lang.AssertionError: expected:<https://opensource-demo.orangehrmlive.com/web/index.php/auth/login> but was:<https://opensource-demo.orangehrmlive.com/web/index.php/dashboard/index>
at com.scenario1.orangeHRMLogic.login(orangeHRMLogic.java:31)
at java.base/java.util.ArrayList.forEach(ArrayList.java:1511)
... Removed 29 stack frames]]>
    </failure>
  </testcase> <!-- login -->
  <testcase classname="com.scenario1.orangeHRMLogic" name="login" time="1.721">
    <failure type="java.lang.AssertionError" message="expected:&amp;lt;https://opensource-demo.orangehrmlive.com/web/index.php/auth/login&amp;gt; but was:&amp;lt;https://opensource-demo.orangehrmlive.com/web/index.php/dashboard/index&amp;gt;">
      <![CDATA[java.lang.AssertionError: expected:<https://opensource-demo.orangehrmlive.com/web/index.php/auth/login> but was:<https://opensource-demo.orangehrmlive.com/web/index.php/dashboard/index>
at com.scenario1.orangeHRMLogic.login(orangeHRMLogic.java:31)
at java.base/java.util.ArrayList.forEach(ArrayList.java:1511)
... Removed 29 stack frames]]>
    </failure>
  </testcase> <!-- login -->
</testsuite> <!-- Test -->
